Determining if the pthread_create exist failed with the following output:
Change Dir: /workspace/small_arm_ws/build/CMakeFiles/CMakeTmp

Run Build Command:"/usr/bin/make" "cmTC_d95fd/fast"
/usr/bin/make -f CMakeFiles/cmTC_d95fd.dir/build.make CMakeFiles/cmTC_d95fd.dir/build
make[1]: Entering directory '/workspace/small_arm_ws/build/CMakeFiles/CMakeTmp'
Building C object CMakeFiles/cmTC_d95fd.dir/CheckSymbolExists.c.o
/usr/bin/cc    -o CMakeFiles/cmTC_d95fd.dir/CheckSymbolExists.c.o   -c /workspace/small_arm_ws/build/CMakeFiles/CMakeTmp/CheckSymbolExists.c
Linking C executable cmTC_d95fd
/usr/bin/cmake -E cmake_link_script CMakeFiles/cmTC_d95fd.dir/link.txt --verbose=1
/usr/bin/cc      -rdynamic CMakeFiles/cmTC_d95fd.dir/CheckSymbolExists.c.o  -o cmTC_d95fd 
CMakeFiles/cmTC_d95fd.dir/CheckSymbolExists.c.o: In function `main':
CheckSymbolExists.c:(.text+0x1b): undefined reference to `pthread_create'
collect2: error: ld returned 1 exit status
CMakeFiles/cmTC_d95fd.dir/build.make:97: recipe for target 'cmTC_d95fd' failed
make[1]: *** [cmTC_d95fd] Error 1
make[1]: Leaving directory '/workspace/small_arm_ws/build/CMakeFiles/CMakeTmp'
Makefile:126: recipe for target 'cmTC_d95fd/fast' failed
make: *** [cmTC_d95fd/fast] Error 2

File /workspace/small_arm_ws/build/CMakeFiles/CMakeTmp/CheckSymbolExists.c:
/* */
#include <pthread.h>

int main(int argc, char** argv)
{
  (void)argv;
#ifndef pthread_create
  return ((int*)(&pthread_create))[argc];
#else
  (void)argc;
  return 0;
#endif
}

Determining if the function pthread_create exists in the pthreads failed with the following output:
Change Dir: /workspace/small_arm_ws/build/CMakeFiles/CMakeTmp

Run Build Command:"/usr/bin/make" "cmTC_02785/fast"
/usr/bin/make -f CMakeFiles/cmTC_02785.dir/build.make CMakeFiles/cmTC_02785.dir/build
make[1]: Entering directory '/workspace/small_arm_ws/build/CMakeFiles/CMakeTmp'
Building C object CMakeFiles/cmTC_02785.dir/CheckFunctionExists.c.o
/usr/bin/cc   -DCHECK_FUNCTION_EXISTS=pthread_create   -o CMakeFiles/cmTC_02785.dir/CheckFunctionExists.c.o   -c /usr/share/cmake-3.10/Modules/CheckFunctionExists.c
Linking C executable cmTC_02785
/usr/bin/cmake -E cmake_link_script CMakeFiles/cmTC_02785.dir/link.txt --verbose=1
/usr/bin/cc  -DCHECK_FUNCTION_EXISTS=pthread_create    -rdynamic CMakeFiles/cmTC_02785.dir/CheckFunctionExists.c.o  -o cmTC_02785 -lpthreads 
/usr/bin/ld: cannot find -lpthreads
collect2: error: ld returned 1 exit status
CMakeFiles/cmTC_02785.dir/build.make:97: recipe for target 'cmTC_02785' failed
make[1]: *** [cmTC_02785] Error 1
make[1]: Leaving directory '/workspace/small_arm_ws/build/CMakeFiles/CMakeTmp'
Makefile:126: recipe for target 'cmTC_02785/fast' failed
make: *** [cmTC_02785/fast] Error 2


